.\Debug\pulse.ilk
.\Debug\pulse.pdb
C:\Users\rodriguezmecha\Documents\My Dropbox\Universidad\Proyecto\rlf\projects\visual studio\RLF_Board\PULSE\.\Debug\pulse.exe
C:\Users\rodriguezmecha\Documents\My Dropbox\Universidad\Proyecto\rlf\projects\visual studio\RLF_Board\PULSE\.\Debug\pulse.exe.intermediate.manifest
C:\USERS\RODRIGUEZMECHA\DOCUMENTS\MY DROPBOX\UNIVERSIDAD\PROYECTO\RLF\PROJECTS\VISUAL STUDIO\RLF_BOARD\PULSE\DEBUG\.NETFRAMEWORK,VERSION=V4.0.ASSEMBLYATTRIBUTES.OBJ
C:\Users\rodriguezmecha\Documents\My Dropbox\Universidad\Proyecto\rlf\projects\visual studio\RLF_Board\PULSE\Debug\cl.command.1.tlog
C:\Users\rodriguezmecha\Documents\My Dropbox\Universidad\Proyecto\rlf\projects\visual studio\RLF_Board\PULSE\Debug\CL.read.1.tlog
C:\Users\rodriguezmecha\Documents\My Dropbox\Universidad\Proyecto\rlf\projects\visual studio\RLF_Board\PULSE\Debug\CL.write.1.tlog
C:\Users\rodriguezmecha\Documents\My Dropbox\Universidad\Proyecto\rlf\projects\visual studio\RLF_Board\PULSE\Debug\LibTool.dll
C:\Users\rodriguezmecha\Documents\My Dropbox\Universidad\Proyecto\rlf\projects\visual studio\RLF_Board\PULSE\Debug\link.5664.read.1.tlog
C:\Users\rodriguezmecha\Documents\My Dropbox\Universidad\Proyecto\rlf\projects\visual studio\RLF_Board\PULSE\Debug\link.5664.write.1.tlog
C:\Users\rodriguezmecha\Documents\My Dropbox\Universidad\Proyecto\rlf\projects\visual studio\RLF_Board\PULSE\Debug\link.5664-cvtres.read.1.tlog
C:\Users\rodriguezmecha\Documents\My Dropbox\Universidad\Proyecto\rlf\projects\visual studio\RLF_Board\PULSE\Debug\link.5664-cvtres.write.1.tlog
C:\Users\rodriguezmecha\Documents\My Dropbox\Universidad\Proyecto\rlf\projects\visual studio\RLF_Board\PULSE\Debug\link.command.1.tlog
C:\Users\rodriguezmecha\Documents\My Dropbox\Universidad\Proyecto\rlf\projects\visual studio\RLF_Board\PULSE\Debug\link.read.1.tlog
C:\Users\rodriguezmecha\Documents\My Dropbox\Universidad\Proyecto\rlf\projects\visual studio\RLF_Board\PULSE\Debug\link.write.1.tlog
C:\Users\rodriguezmecha\Documents\My Dropbox\Universidad\Proyecto\rlf\projects\visual studio\RLF_Board\PULSE\Debug\mt.command.1.tlog
C:\Users\rodriguezmecha\Documents\My Dropbox\Universidad\Proyecto\rlf\projects\visual studio\RLF_Board\PULSE\Debug\mt.read.1.tlog
C:\Users\rodriguezmecha\Documents\My Dropbox\Universidad\Proyecto\rlf\projects\visual studio\RLF_Board\PULSE\Debug\mt.write.1.tlog
C:\USERS\RODRIGUEZMECHA\DOCUMENTS\MY DROPBOX\UNIVERSIDAD\PROYECTO\RLF\PROJECTS\VISUAL STUDIO\RLF_BOARD\PULSE\DEBUG\PULSE.EXE
C:\USERS\RODRIGUEZMECHA\DOCUMENTS\MY DROPBOX\UNIVERSIDAD\PROYECTO\RLF\PROJECTS\VISUAL STUDIO\RLF_BOARD\PULSE\DEBUG\PULSE.EXE.INTERMEDIATE.MANIFEST
C:\USERS\RODRIGUEZMECHA\DOCUMENTS\MY DROPBOX\UNIVERSIDAD\PROYECTO\RLF\PROJECTS\VISUAL STUDIO\RLF_BOARD\PULSE\DEBUG\PULSE.ILK
C:\USERS\RODRIGUEZMECHA\DOCUMENTS\MY DROPBOX\UNIVERSIDAD\PROYECTO\RLF\PROJECTS\VISUAL STUDIO\RLF_BOARD\PULSE\DEBUG\PULSE.OBJ
C:\USERS\RODRIGUEZMECHA\DOCUMENTS\MY DROPBOX\UNIVERSIDAD\PROYECTO\RLF\PROJECTS\VISUAL STUDIO\RLF_BOARD\PULSE\DEBUG\PULSE.PDB
C:\USERS\RODRIGUEZMECHA\DOCUMENTS\MY DROPBOX\UNIVERSIDAD\PROYECTO\RLF\PROJECTS\VISUAL STUDIO\RLF_BOARD\PULSE\DEBUG\PULSE.RES
C:\Users\rodriguezmecha\Documents\My Dropbox\Universidad\Proyecto\rlf\projects\visual studio\RLF_Board\PULSE\Debug\pulse.write.1.tlog
C:\Users\rodriguezmecha\Documents\My Dropbox\Universidad\Proyecto\rlf\projects\visual studio\RLF_Board\PULSE\Debug\rc.command.1.tlog
C:\Users\rodriguezmecha\Documents\My Dropbox\Universidad\Proyecto\rlf\projects\visual studio\RLF_Board\PULSE\Debug\rc.read.1.tlog
C:\Users\rodriguezmecha\Documents\My Dropbox\Universidad\Proyecto\rlf\projects\visual studio\RLF_Board\PULSE\Debug\rc.write.1.tlog
C:\Users\rodriguezmecha\Documents\My Dropbox\Universidad\Proyecto\rlf\projects\visual studio\RLF_Board\PULSE\Debug\ResolveAssemblyReference.cache
