C:\USERS\RODRIGUEZMECHA\DOCUMENTS\MY DROPBOX\UNIVERSIDAD\PROYECTO\RLF\PROJECTS\VISUAL STUDIO\RLF_FREEMEM\RELEASE\.NETFRAMEWORK,VERSION=V4.0.ASSEMBLYATTRIBUTES.OBJ
C:\USERS\RODRIGUEZMECHA\DOCUMENTS\MY DROPBOX\UNIVERSIDAD\PROYECTO\RLF\PROJECTS\VISUAL STUDIO\RLF_FREEMEM\RELEASE\APP.RES
C:\USERS\RODRIGUEZMECHA\DOCUMENTS\MY DROPBOX\UNIVERSIDAD\PROYECTO\RLF\PROJECTS\VISUAL STUDIO\RLF_FREEMEM\RELEASE\ASSEMBLYINFO.OBJ
C:\Users\rodriguezmecha\Documents\My Dropbox\Universidad\Proyecto\rlf\projects\visual studio\RLF_FreeMem\Release\cl.command.1.tlog
C:\Users\rodriguezmecha\Documents\My Dropbox\Universidad\Proyecto\rlf\projects\visual studio\RLF_FreeMem\Release\CL.read.1.tlog
C:\Users\rodriguezmecha\Documents\My Dropbox\Universidad\Proyecto\rlf\projects\visual studio\RLF_FreeMem\Release\CL.write.1.tlog
C:\Users\rodriguezmecha\Documents\My Dropbox\Universidad\Proyecto\rlf\projects\visual studio\RLF_FreeMem\Release\LibTool.dll
C:\Users\rodriguezmecha\Documents\My Dropbox\Universidad\Proyecto\rlf\projects\visual studio\RLF_FreeMem\Release\link.command.1.tlog
C:\Users\rodriguezmecha\Documents\My Dropbox\Universidad\Proyecto\rlf\projects\visual studio\RLF_FreeMem\Release\link.read.1.tlog
C:\Users\rodriguezmecha\Documents\My Dropbox\Universidad\Proyecto\rlf\projects\visual studio\RLF_FreeMem\Release\link.write.1.tlog
C:\Users\rodriguezmecha\Documents\My Dropbox\Universidad\Proyecto\rlf\projects\visual studio\RLF_FreeMem\Release\link-cvtres.read.1.tlog
C:\Users\rodriguezmecha\Documents\My Dropbox\Universidad\Proyecto\rlf\projects\visual studio\RLF_FreeMem\Release\link-cvtres.write.1.tlog
C:\Users\rodriguezmecha\Documents\My Dropbox\Universidad\Proyecto\rlf\projects\visual studio\RLF_FreeMem\Release\mt.command.1.tlog
C:\Users\rodriguezmecha\Documents\My Dropbox\Universidad\Proyecto\rlf\projects\visual studio\RLF_FreeMem\Release\mt.read.1.tlog
C:\Users\rodriguezmecha\Documents\My Dropbox\Universidad\Proyecto\rlf\projects\visual studio\RLF_FreeMem\Release\mt.write.1.tlog
C:\Users\rodriguezmecha\Documents\My Dropbox\Universidad\Proyecto\rlf\projects\visual studio\RLF_FreeMem\Release\rc.command.1.tlog
C:\Users\rodriguezmecha\Documents\My Dropbox\Universidad\Proyecto\rlf\projects\visual studio\RLF_FreeMem\Release\rc.read.1.tlog
C:\Users\rodriguezmecha\Documents\My Dropbox\Universidad\Proyecto\rlf\projects\visual studio\RLF_FreeMem\Release\rc.write.1.tlog
C:\Users\rodriguezmecha\Documents\My Dropbox\Universidad\Proyecto\rlf\projects\visual studio\RLF_FreeMem\Release\ResolveAssemblyReference.cache
C:\USERS\RODRIGUEZMECHA\DOCUMENTS\MY DROPBOX\UNIVERSIDAD\PROYECTO\RLF\PROJECTS\VISUAL STUDIO\RLF_FREEMEM\RELEASE\RLF_FREEMEM.EXE
C:\USERS\RODRIGUEZMECHA\DOCUMENTS\MY DROPBOX\UNIVERSIDAD\PROYECTO\RLF\PROJECTS\VISUAL STUDIO\RLF_FREEMEM\RELEASE\RLF_FREEMEM.EXE.INTERMEDIATE.MANIFEST
C:\USERS\RODRIGUEZMECHA\DOCUMENTS\MY DROPBOX\UNIVERSIDAD\PROYECTO\RLF\PROJECTS\VISUAL STUDIO\RLF_FREEMEM\RELEASE\RLF_FREEMEM.OBJ
C:\USERS\RODRIGUEZMECHA\DOCUMENTS\MY DROPBOX\UNIVERSIDAD\PROYECTO\RLF\PROJECTS\VISUAL STUDIO\RLF_FREEMEM\RELEASE\RLF_FREEMEM.PCH
C:\USERS\RODRIGUEZMECHA\DOCUMENTS\MY DROPBOX\UNIVERSIDAD\PROYECTO\RLF\PROJECTS\VISUAL STUDIO\RLF_FREEMEM\RELEASE\RLF_FREEMEM.PDB
C:\Users\rodriguezmecha\Documents\My Dropbox\Universidad\Proyecto\rlf\projects\visual studio\RLF_FreeMem\Release\RLF_FreeMem.write.1.tlog
C:\USERS\RODRIGUEZMECHA\DOCUMENTS\MY DROPBOX\UNIVERSIDAD\PROYECTO\RLF\PROJECTS\VISUAL STUDIO\RLF_FREEMEM\RELEASE\STDAFX.OBJ
C:\USERS\RODRIGUEZMECHA\DOCUMENTS\MY DROPBOX\UNIVERSIDAD\PROYECTO\RLF\PROJECTS\VISUAL STUDIO\RLF_FREEMEM\RELEASE\VC100.PDB
