C:\Users\rodriguezmecha\Documents\My Dropbox\Universidad\Proyecto\rlf\projects\visual studio\RLF_Board\PULSE\.\Release\pulse.exe
C:\Users\rodriguezmecha\Documents\My Dropbox\Universidad\Proyecto\rlf\projects\visual studio\RLF_Board\PULSE\.\Release\pulse.exe.intermediate.manifest
C:\USERS\RODRIGUEZMECHA\DOCUMENTS\MY DROPBOX\UNIVERSIDAD\PROYECTO\RLF\PROJECTS\VISUAL STUDIO\RLF_BOARD\PULSE\RELEASE\
C:\USERS\RODRIGUEZMECHA\DOCUMENTS\MY DROPBOX\UNIVERSIDAD\PROYECTO\RLF\PROJECTS\VISUAL STUDIO\RLF_BOARD\PULSE\RELEASE\.NETFRAMEWORK,VERSION=V4.0.ASSEMBLYATTRIBUTES.OBJ
C:\Users\rodriguezmecha\Documents\My Dropbox\Universidad\Proyecto\rlf\projects\visual studio\RLF_Board\PULSE\Release\cl.command.1.tlog
C:\Users\rodriguezmecha\Documents\My Dropbox\Universidad\Proyecto\rlf\projects\visual studio\RLF_Board\PULSE\Release\CL.read.1.tlog
C:\Users\rodriguezmecha\Documents\My Dropbox\Universidad\Proyecto\rlf\projects\visual studio\RLF_Board\PULSE\Release\CL.write.1.tlog
C:\Users\rodriguezmecha\Documents\My Dropbox\Universidad\Proyecto\rlf\projects\visual studio\RLF_Board\PULSE\Release\LibTool.dll
C:\Users\rodriguezmecha\Documents\My Dropbox\Universidad\Proyecto\rlf\projects\visual studio\RLF_Board\PULSE\Release\link.command.1.tlog
C:\Users\rodriguezmecha\Documents\My Dropbox\Universidad\Proyecto\rlf\projects\visual studio\RLF_Board\PULSE\Release\link.read.1.tlog
C:\Users\rodriguezmecha\Documents\My Dropbox\Universidad\Proyecto\rlf\projects\visual studio\RLF_Board\PULSE\Release\link.write.1.tlog
C:\Users\rodriguezmecha\Documents\My Dropbox\Universidad\Proyecto\rlf\projects\visual studio\RLF_Board\PULSE\Release\link-cvtres.read.1.tlog
C:\Users\rodriguezmecha\Documents\My Dropbox\Universidad\Proyecto\rlf\projects\visual studio\RLF_Board\PULSE\Release\link-cvtres.write.1.tlog
C:\Users\rodriguezmecha\Documents\My Dropbox\Universidad\Proyecto\rlf\projects\visual studio\RLF_Board\PULSE\Release\mt.command.1.tlog
C:\Users\rodriguezmecha\Documents\My Dropbox\Universidad\Proyecto\rlf\projects\visual studio\RLF_Board\PULSE\Release\mt.read.1.tlog
C:\Users\rodriguezmecha\Documents\My Dropbox\Universidad\Proyecto\rlf\projects\visual studio\RLF_Board\PULSE\Release\mt.write.1.tlog
C:\USERS\RODRIGUEZMECHA\DOCUMENTS\MY DROPBOX\UNIVERSIDAD\PROYECTO\RLF\PROJECTS\VISUAL STUDIO\RLF_BOARD\PULSE\RELEASE\PULSE.EXE
C:\USERS\RODRIGUEZMECHA\DOCUMENTS\MY DROPBOX\UNIVERSIDAD\PROYECTO\RLF\PROJECTS\VISUAL STUDIO\RLF_BOARD\PULSE\RELEASE\PULSE.EXE.INTERMEDIATE.MANIFEST
C:\USERS\RODRIGUEZMECHA\DOCUMENTS\MY DROPBOX\UNIVERSIDAD\PROYECTO\RLF\PROJECTS\VISUAL STUDIO\RLF_BOARD\PULSE\RELEASE\PULSE.OBJ
C:\USERS\RODRIGUEZMECHA\DOCUMENTS\MY DROPBOX\UNIVERSIDAD\PROYECTO\RLF\PROJECTS\VISUAL STUDIO\RLF_BOARD\PULSE\RELEASE\PULSE.RES
C:\Users\rodriguezmecha\Documents\My Dropbox\Universidad\Proyecto\rlf\projects\visual studio\RLF_Board\PULSE\Release\pulse.write.1.tlog
C:\Users\rodriguezmecha\Documents\My Dropbox\Universidad\Proyecto\rlf\projects\visual studio\RLF_Board\PULSE\Release\rc.command.1.tlog
C:\Users\rodriguezmecha\Documents\My Dropbox\Universidad\Proyecto\rlf\projects\visual studio\RLF_Board\PULSE\Release\rc.read.1.tlog
C:\Users\rodriguezmecha\Documents\My Dropbox\Universidad\Proyecto\rlf\projects\visual studio\RLF_Board\PULSE\Release\rc.write.1.tlog
C:\Users\rodriguezmecha\Documents\My Dropbox\Universidad\Proyecto\rlf\projects\visual studio\RLF_Board\PULSE\Release\System.Data.SQLite.dll
C:\USERS\RODRIGUEZMECHA\DOCUMENTS\MY DROPBOX\UNIVERSIDAD\PROYECTO\RLF\PROJECTS\VISUAL STUDIO\RLF_BOARD\PULSE\RELEASE\VC100.PDB
