C:\USERS\RODRIGUEZMECHA\DOCUMENTS\MY DROPBOX\UNIVERSIDAD\PROYECTO\RLF\PROJECTS\VISUAL STUDIO\LIBTOOL\RELEASE\.NETFRAMEWORK,VERSION=V4.0.ASSEMBLYATTRIBUTES.OBJ
C:\USERS\RODRIGUEZMECHA\DOCUMENTS\MY DROPBOX\UNIVERSIDAD\PROYECTO\RLF\PROJECTS\VISUAL STUDIO\LIBTOOL\RELEASE\APP.RES
C:\USERS\RODRIGUEZMECHA\DOCUMENTS\MY DROPBOX\UNIVERSIDAD\PROYECTO\RLF\PROJECTS\VISUAL STUDIO\LIBTOOL\RELEASE\ASSEMBLYINFO.OBJ
C:\Users\rodriguezmecha\Documents\My Dropbox\Universidad\Proyecto\rlf\projects\visual studio\LibTool\Release\cl.command.1.tlog
C:\Users\rodriguezmecha\Documents\My Dropbox\Universidad\Proyecto\rlf\projects\visual studio\LibTool\Release\CL.read.1.tlog
C:\Users\rodriguezmecha\Documents\My Dropbox\Universidad\Proyecto\rlf\projects\visual studio\LibTool\Release\CL.write.1.tlog
C:\USERS\RODRIGUEZMECHA\DOCUMENTS\MY DROPBOX\UNIVERSIDAD\PROYECTO\RLF\PROJECTS\VISUAL STUDIO\LIBTOOL\RELEASE\LIBTOOL.DLL
C:\USERS\RODRIGUEZMECHA\DOCUMENTS\MY DROPBOX\UNIVERSIDAD\PROYECTO\RLF\PROJECTS\VISUAL STUDIO\LIBTOOL\RELEASE\LIBTOOL.DLL.INTERMEDIATE.MANIFEST
C:\USERS\RODRIGUEZMECHA\DOCUMENTS\MY DROPBOX\UNIVERSIDAD\PROYECTO\RLF\PROJECTS\VISUAL STUDIO\LIBTOOL\RELEASE\LIBTOOL.PCH
C:\USERS\RODRIGUEZMECHA\DOCUMENTS\MY DROPBOX\UNIVERSIDAD\PROYECTO\RLF\PROJECTS\VISUAL STUDIO\LIBTOOL\RELEASE\LIBTOOL.PDB
C:\Users\rodriguezmecha\Documents\My Dropbox\Universidad\Proyecto\rlf\projects\visual studio\LibTool\Release\LibTool.write.1.tlog
C:\Users\rodriguezmecha\Documents\My Dropbox\Universidad\Proyecto\rlf\projects\visual studio\LibTool\Release\link.command.1.tlog
C:\Users\rodriguezmecha\Documents\My Dropbox\Universidad\Proyecto\rlf\projects\visual studio\LibTool\Release\link.read.1.tlog
C:\Users\rodriguezmecha\Documents\My Dropbox\Universidad\Proyecto\rlf\projects\visual studio\LibTool\Release\link.write.1.tlog
C:\Users\rodriguezmecha\Documents\My Dropbox\Universidad\Proyecto\rlf\projects\visual studio\LibTool\Release\link-cvtres.read.1.tlog
C:\Users\rodriguezmecha\Documents\My Dropbox\Universidad\Proyecto\rlf\projects\visual studio\LibTool\Release\link-cvtres.write.1.tlog
C:\Users\rodriguezmecha\Documents\My Dropbox\Universidad\Proyecto\rlf\projects\visual studio\LibTool\Release\mt.command.1.tlog
C:\Users\rodriguezmecha\Documents\My Dropbox\Universidad\Proyecto\rlf\projects\visual studio\LibTool\Release\mt.read.1.tlog
C:\Users\rodriguezmecha\Documents\My Dropbox\Universidad\Proyecto\rlf\projects\visual studio\LibTool\Release\mt.write.1.tlog
C:\Users\rodriguezmecha\Documents\My Dropbox\Universidad\Proyecto\rlf\projects\visual studio\LibTool\Release\rc.command.1.tlog
C:\Users\rodriguezmecha\Documents\My Dropbox\Universidad\Proyecto\rlf\projects\visual studio\LibTool\Release\rc.read.1.tlog
C:\Users\rodriguezmecha\Documents\My Dropbox\Universidad\Proyecto\rlf\projects\visual studio\LibTool\Release\rc.write.1.tlog
C:\Users\rodriguezmecha\Documents\My Dropbox\Universidad\Proyecto\rlf\projects\visual studio\LibTool\Release\ResolveAssemblyReference.cache
C:\USERS\RODRIGUEZMECHA\DOCUMENTS\MY DROPBOX\UNIVERSIDAD\PROYECTO\RLF\PROJECTS\VISUAL STUDIO\LIBTOOL\RELEASE\RLF_DATA.OBJ
C:\USERS\RODRIGUEZMECHA\DOCUMENTS\MY DROPBOX\UNIVERSIDAD\PROYECTO\RLF\PROJECTS\VISUAL STUDIO\LIBTOOL\RELEASE\RLF_EXCEPTION.OBJ
C:\USERS\RODRIGUEZMECHA\DOCUMENTS\MY DROPBOX\UNIVERSIDAD\PROYECTO\RLF\PROJECTS\VISUAL STUDIO\LIBTOOL\RELEASE\RLF_MANAGER.OBJ
C:\USERS\RODRIGUEZMECHA\DOCUMENTS\MY DROPBOX\UNIVERSIDAD\PROYECTO\RLF\PROJECTS\VISUAL STUDIO\LIBTOOL\RELEASE\STDAFX.OBJ
C:\Users\rodriguezmecha\Documents\My Dropbox\Universidad\Proyecto\rlf\projects\visual studio\LibTool\Release\System.Data.SQLite.dll
C:\USERS\RODRIGUEZMECHA\DOCUMENTS\MY DROPBOX\UNIVERSIDAD\PROYECTO\RLF\PROJECTS\VISUAL STUDIO\LIBTOOL\RELEASE\VC100.PDB
