Build started 04-Sep-11 09:44:25.
     1>Project "C:\Users\rodriguezmecha\Documents\My Dropbox\Universidad\Proyecto\rlf\projects\visual studio\RLF_FreeMem\RLF_FreeMem.vcxproj" on node 2 (build target(s)).
     1>InitializeBuildStatus:
         Creating "Debug\RLF_FreeMem.unsuccessfulbuild" because "AlwaysCreate" was specified.
       GenerateTargetFrameworkMonikerAttribute:
       Skipping target "GenerateTargetFrameworkMonikerAttribute" because all output files are up-to-date with respect to the input files.
       ClCompile:
         c:\Program Files\Microsoft Visual Studio 10.0\VC\bin\CL.exe /c /AI"C:\Program Files\Reference Assemblies\Microsoft\Framework\.NETFramework\v4.0" /Zi /clr /nologo /W3 /WX- /Od /Oy- /D WIN32 /D _DEBUG /D _UNICODE /D UNICODE /EHa /MDd /GS /fp:precise /Zc:wchar_t /Zc:forScope /Yc"StdAfx.h" /Fp"Debug\RLF_FreeMem.pch" /Fo"Debug\\" /Fd"Debug\vc100.pdb" /TP /FU"C:\Users\rodriguezmecha\Documents\My Dropbox\Universidad\Proyecto\rlf\tools\lib\NET\LibTool.dll" /FU"C:\Program Files\Reference Assemblies\Microsoft\Framework\.NETFramework\v4.0\System.Core.dll" /FU"C:\Program Files\Reference Assemblies\Microsoft\Framework\.NETFramework\v4.0\System.Data.dll" /FU"C:\Program Files\Reference Assemblies\Microsoft\Framework\.NETFramework\v4.0\System.dll" /FU"C:\Program Files\Reference Assemblies\Microsoft\Framework\.NETFramework\v4.0\System.Xml.dll" /analyze- /errorReport:prompt stdafx.cpp /clr:nostdlib 
         stdafx.cpp
         c:\Program Files\Microsoft Visual Studio 10.0\VC\bin\CL.exe /c /AI"C:\Program Files\Reference Assemblies\Microsoft\Framework\.NETFramework\v4.0" /Zi /clr /nologo /W3 /WX- /Od /Oy- /D WIN32 /D _DEBUG /D _UNICODE /D UNICODE /EHa /MDd /GS /fp:precise /Zc:wchar_t /Zc:forScope /Yu"StdAfx.h" /Fp"Debug\RLF_FreeMem.pch" /Fo"Debug\\" /Fd"Debug\vc100.pdb" /TP /FU"C:\Users\rodriguezmecha\Documents\My Dropbox\Universidad\Proyecto\rlf\tools\lib\NET\LibTool.dll" /FU"C:\Program Files\Reference Assemblies\Microsoft\Framework\.NETFramework\v4.0\System.Core.dll" /FU"C:\Program Files\Reference Assemblies\Microsoft\Framework\.NETFramework\v4.0\System.Data.dll" /FU"C:\Program Files\Reference Assemblies\Microsoft\Framework\.NETFramework\v4.0\System.dll" /FU"C:\Program Files\Reference Assemblies\Microsoft\Framework\.NETFramework\v4.0\System.Xml.dll" /analyze- /errorReport:prompt AssemblyInfo.cpp RLF_FreeMem.cpp /clr:nostdlib 
         AssemblyInfo.cpp
         RLF_FreeMem.cpp
         Generating Code...
         c:\Program Files\Microsoft Visual Studio 10.0\VC\bin\CL.exe /c /Zi /clr /nologo /W3 /WX- /Od /Oy- /D WIN32 /D _DEBUG /D _UNICODE /D UNICODE /EHa /MDd /GS /fp:precise /Zc:wchar_t /Zc:forScope /Fo"Debug\\" /Fd"Debug\vc100.pdb" /TP /analyze- /errorReport:prompt "C:\Users\rodriguezmecha\AppData\Local\Temp\.NETFramework,Version=v4.0.AssemblyAttributes.cpp"
         .NETFramework,Version=v4.0.AssemblyAttributes.cpp
       ResourceCompile:
         c:\Program Files\Microsoft SDKs\Windows\v7.0A\bin\rc.exe /D _UNICODE /D UNICODE /l"0x0409" /nologo /fo"Debug\app.res" app.rc 
       Link:
         c:\Program Files\Microsoft Visual Studio 10.0\VC\bin\link.exe /ERRORREPORT:PROMPT /OUT:"C:\Users\rodriguezmecha\Documents\My Dropbox\Universidad\Proyecto\rlf\projects\visual studio\RLF_FreeMem\Debug\RLF_FreeMem.exe" /INCREMENTAL /NOLOGO /MANIFEST /ManifestFile:"Debug\RLF_FreeMem.exe.intermediate.manifest" /MANIFESTUAC:"level='asInvoker' uiAccess='false'" /DEBUG /PDB:"C:\Users\rodriguezmecha\Documents\My Dropbox\Universidad\Proyecto\rlf\projects\visual studio\RLF_FreeMem\Debug\RLF_FreeMem.pdb" /ASSEMBLYDEBUG /TLBID:1 /DYNAMICBASE /FIXED:NO /NXCOMPAT /MACHINE:X86 Debug\app.res
         Debug\AssemblyInfo.obj
         Debug\RLF_FreeMem.obj
         Debug\stdafx.obj
         "Debug\.NETFramework,Version=v4.0.AssemblyAttributes.obj"
         RLF_FreeMem.vcxproj -> C:\Users\rodriguezmecha\Documents\My Dropbox\Universidad\Proyecto\rlf\projects\visual studio\RLF_FreeMem\Debug\RLF_FreeMem.exe
       Manifest:
         c:\Program Files\Microsoft SDKs\Windows\v7.0A\bin\mt.exe /nologo /verbose /outputresource:"C:\Users\rodriguezmecha\Documents\My Dropbox\Universidad\Proyecto\rlf\projects\visual studio\RLF_FreeMem\Debug\RLF_FreeMem.exe;#1" /manifest Debug\RLF_FreeMem.exe.intermediate.manifest
       _CopyFilesMarkedCopyLocal:
         Copying file from "C:\Users\rodriguezmecha\Documents\My Dropbox\Universidad\Proyecto\rlf\tools\lib\NET\LibTool.dll" to "C:\Users\rodriguezmecha\Documents\My Dropbox\Universidad\Proyecto\rlf\projects\visual studio\RLF_FreeMem\Debug\LibTool.dll".
       FinalizeBuildStatus:
         Deleting file "Debug\RLF_FreeMem.unsuccessfulbuild".
         Touching "Debug\RLF_FreeMem.lastbuildstate".
     1>Done Building Project "C:\Users\rodriguezmecha\Documents\My Dropbox\Universidad\Proyecto\rlf\projects\visual studio\RLF_FreeMem\RLF_FreeMem.vcxproj" (build target(s)).

Build succeeded.

Time Elapsed 00:00:05.08
