.\Debug\ADINT.ilk
.\Debug\ADINT.pdb
C:\Users\rodriguezmecha\Documents\My Dropbox\Universidad\Proyecto\rlf\projects\visual studio\RLF_Board\AD_INT\.\Debug\ADINT.exe
C:\Users\rodriguezmecha\Documents\My Dropbox\Universidad\Proyecto\rlf\projects\visual studio\RLF_Board\AD_INT\.\Debug\ADINT.exe.intermediate.manifest
C:\USERS\RODRIGUEZMECHA\DOCUMENTS\MY DROPBOX\UNIVERSIDAD\PROYECTO\RLF\PROJECTS\VISUAL STUDIO\RLF_BOARD\AD_INT\DEBUG\.NETFRAMEWORK,VERSION=V4.0.ASSEMBLYATTRIBUTES.OBJ
C:\USERS\RODRIGUEZMECHA\DOCUMENTS\MY DROPBOX\UNIVERSIDAD\PROYECTO\RLF\PROJECTS\VISUAL STUDIO\RLF_BOARD\AD_INT\DEBUG\ADINT.EXE
C:\USERS\RODRIGUEZMECHA\DOCUMENTS\MY DROPBOX\UNIVERSIDAD\PROYECTO\RLF\PROJECTS\VISUAL STUDIO\RLF_BOARD\AD_INT\DEBUG\ADINT.EXE.INTERMEDIATE.MANIFEST
C:\USERS\RODRIGUEZMECHA\DOCUMENTS\MY DROPBOX\UNIVERSIDAD\PROYECTO\RLF\PROJECTS\VISUAL STUDIO\RLF_BOARD\AD_INT\DEBUG\ADINT.ILK
C:\USERS\RODRIGUEZMECHA\DOCUMENTS\MY DROPBOX\UNIVERSIDAD\PROYECTO\RLF\PROJECTS\VISUAL STUDIO\RLF_BOARD\AD_INT\DEBUG\ADINT.OBJ
C:\USERS\RODRIGUEZMECHA\DOCUMENTS\MY DROPBOX\UNIVERSIDAD\PROYECTO\RLF\PROJECTS\VISUAL STUDIO\RLF_BOARD\AD_INT\DEBUG\ADINT.PDB
C:\USERS\RODRIGUEZMECHA\DOCUMENTS\MY DROPBOX\UNIVERSIDAD\PROYECTO\RLF\PROJECTS\VISUAL STUDIO\RLF_BOARD\AD_INT\DEBUG\ADINT.RES
C:\Users\rodriguezmecha\Documents\My Dropbox\Universidad\Proyecto\rlf\projects\visual studio\RLF_Board\AD_INT\Debug\ADINT.write.1.tlog
C:\Users\rodriguezmecha\Documents\My Dropbox\Universidad\Proyecto\rlf\projects\visual studio\RLF_Board\AD_INT\Debug\cl.command.1.tlog
C:\Users\rodriguezmecha\Documents\My Dropbox\Universidad\Proyecto\rlf\projects\visual studio\RLF_Board\AD_INT\Debug\CL.read.1.tlog
C:\Users\rodriguezmecha\Documents\My Dropbox\Universidad\Proyecto\rlf\projects\visual studio\RLF_Board\AD_INT\Debug\CL.write.1.tlog
C:\Users\rodriguezmecha\Documents\My Dropbox\Universidad\Proyecto\rlf\projects\visual studio\RLF_Board\AD_INT\Debug\LibTool.dll
C:\Users\rodriguezmecha\Documents\My Dropbox\Universidad\Proyecto\rlf\projects\visual studio\RLF_Board\AD_INT\Debug\link.2360.read.1.tlog
C:\Users\rodriguezmecha\Documents\My Dropbox\Universidad\Proyecto\rlf\projects\visual studio\RLF_Board\AD_INT\Debug\link.2360.write.1.tlog
C:\Users\rodriguezmecha\Documents\My Dropbox\Universidad\Proyecto\rlf\projects\visual studio\RLF_Board\AD_INT\Debug\link.2360-cvtres.read.1.tlog
C:\Users\rodriguezmecha\Documents\My Dropbox\Universidad\Proyecto\rlf\projects\visual studio\RLF_Board\AD_INT\Debug\link.2360-cvtres.write.1.tlog
C:\Users\rodriguezmecha\Documents\My Dropbox\Universidad\Proyecto\rlf\projects\visual studio\RLF_Board\AD_INT\Debug\link.command.1.tlog
C:\Users\rodriguezmecha\Documents\My Dropbox\Universidad\Proyecto\rlf\projects\visual studio\RLF_Board\AD_INT\Debug\link.read.1.tlog
C:\Users\rodriguezmecha\Documents\My Dropbox\Universidad\Proyecto\rlf\projects\visual studio\RLF_Board\AD_INT\Debug\link.write.1.tlog
C:\Users\rodriguezmecha\Documents\My Dropbox\Universidad\Proyecto\rlf\projects\visual studio\RLF_Board\AD_INT\Debug\mt.command.1.tlog
C:\Users\rodriguezmecha\Documents\My Dropbox\Universidad\Proyecto\rlf\projects\visual studio\RLF_Board\AD_INT\Debug\mt.read.1.tlog
C:\Users\rodriguezmecha\Documents\My Dropbox\Universidad\Proyecto\rlf\projects\visual studio\RLF_Board\AD_INT\Debug\mt.write.1.tlog
C:\Users\rodriguezmecha\Documents\My Dropbox\Universidad\Proyecto\rlf\projects\visual studio\RLF_Board\AD_INT\Debug\rc.command.1.tlog
C:\Users\rodriguezmecha\Documents\My Dropbox\Universidad\Proyecto\rlf\projects\visual studio\RLF_Board\AD_INT\Debug\rc.read.1.tlog
C:\Users\rodriguezmecha\Documents\My Dropbox\Universidad\Proyecto\rlf\projects\visual studio\RLF_Board\AD_INT\Debug\rc.write.1.tlog
